0 info it worked if it ends with ok
1 verbose cli [ '/usr/bin/nodejs', '/usr/bin/npm', 'run', 'tsc:w' ]
2 info using npm@3.10.9
3 info using node@v7.1.0
4 verbose run-script [ 'pretsc:w', 'tsc:w', 'posttsc:w' ]
5 info lifecycle chat@0.0.1~pretsc:w: chat@0.0.1
6 silly lifecycle chat@0.0.1~pretsc:w: no script for pretsc:w, continuing
7 info lifecycle chat@0.0.1~tsc:w: chat@0.0.1
8 verbose lifecycle chat@0.0.1~tsc:w: unsafe-perm in lifecycle true
9 verbose lifecycle chat@0.0.1~tsc:w: PATH: /usr/lib/node_modules/npm/bin/node-gyp-bin:/home/user/ExpressNodeJsAngular2/ExpressNodejsServer/node_modules/.bin:/usr/lib/node_modules/npm/bin/node-gyp-bin:/home/user/ExpressNodeJsAngular2/ExpressNodejsServer/node_modules/.bin:/home/user/bin:/home/user/.local/bin:/usr/local/sbin:/usr/local/bin:/usr/sbin:/usr/bin:/sbin:/bin:/usr/games:/usr/local/games:/snap/bin
10 verbose lifecycle chat@0.0.1~tsc:w: CWD: /home/user/ExpressNodeJsAngular2/ExpressNodejsServer
11 silly lifecycle chat@0.0.1~tsc:w: Args: [ '-c', 'tsc -w' ]
12 silly lifecycle chat@0.0.1~tsc:w: Returned: code: 134  signal: null
13 info lifecycle chat@0.0.1~tsc:w: Failed to exec tsc:w script
14 verbose stack Error: chat@0.0.1 tsc:w: `tsc -w`
14 verbose stack Exit status 134
14 verbose stack     at EventEmitter.<anonymous> (/usr/lib/node_modules/npm/lib/utils/lifecycle.js:255:16)
14 verbose stack     at emitTwo (events.js:106:13)
14 verbose stack     at EventEmitter.emit (events.js:191:7)
14 verbose stack     at ChildProcess.<anonymous> (/usr/lib/node_modules/npm/lib/utils/spawn.js:40:14)
14 verbose stack     at emitTwo (events.js:106:13)
14 verbose stack     at ChildProcess.emit (events.js:191:7)
14 verbose stack     at maybeClose (internal/child_process.js:885:16)
14 verbose stack     at Process.ChildProcess._handle.onexit (internal/child_process.js:226:5)
15 verbose pkgid chat@0.0.1
16 verbose cwd /home/user/ExpressNodeJsAngular2/ExpressNodejsServer
17 error Linux 4.4.0-57-generic
18 error argv "/usr/bin/nodejs" "/usr/bin/npm" "run" "tsc:w"
19 error node v7.1.0
20 error npm  v3.10.9
21 error code ELIFECYCLE
22 error chat@0.0.1 tsc:w: `tsc -w`
22 error Exit status 134
23 error Failed at the chat@0.0.1 tsc:w script 'tsc -w'.
23 error Make sure you have the latest version of node.js and npm installed.
23 error If you do, this is most likely a problem with the chat package,
23 error not with npm itself.
23 error Tell the author that this fails on your system:
23 error     tsc -w
23 error You can get information on how to open an issue for this project with:
23 error     npm bugs chat
23 error Or if that isn't available, you can get their info via:
23 error     npm owner ls chat
23 error There is likely additional logging output above.
24 verbose exit [ 1, true ]
